<?xml version="1.0" encoding="UTF-8" ?>
<testsuite failures="0" time="0.027" errors="0" skipped="0" tests="1" name="ethier.alex.AppTest">
  <properties>
    <property name="java.runtime.name" value="Java(TM) SE Runtime Environment"/>
    <property name="sun.boot.library.path" value="/usr/java/jdk1.7.0_45/jre/lib/amd64"/>
    <property name="java.vm.version" value="24.45-b08"/>
    <property name="java.vm.vendor" value="Oracle Corporation"/>
    <property name="java.vendor.url" value="http://java.oracle.com/"/>
    <property name="path.separator" value=":"/>
    <property name="java.vm.name" value="Java HotSpot(TM) 64-Bit Server VM"/>
    <property name="file.encoding.pkg" value="sun.io"/>
    <property name="user.country" value="US"/>
    <property name="sun.java.launcher" value="SUN_STANDARD"/>
    <property name="sun.os.patch.level" value="unknown"/>
    <property name="java.vm.specification.name" value="Java Virtual Machine Specification"/>
    <property name="user.dir" value="/home/alex/playground/my_projects/rdfWrapperParent/collectionWrapper"/>
    <property name="java.runtime.version" value="1.7.0_45-b18"/>
    <property name="java.awt.graphicsenv" value="sun.awt.X11GraphicsEnvironment"/>
    <property name="basedir" value="/home/alex/playground/my_projects/rdfWrapperParent/collectionWrapper"/>
    <property name="java.endorsed.dirs" value="/usr/java/jdk1.7.0_45/jre/lib/endorsed"/>
    <property name="os.arch" value="amd64"/>
    <property name="surefire.real.class.path" value="/tmp/surefirebooter804766468219009014.jar"/>
    <property name="java.io.tmpdir" value="/tmp"/>
    <property name="line.separator" value="
"/>
    <property name="java.vm.specification.vendor" value="Oracle Corporation"/>
    <property name="os.name" value="Linux"/>
    <property name="sun.jnu.encoding" value="UTF-8"/>
    <property name="java.library.path" value="/usr/java/packages/lib/amd64:/usr/lib64:/lib64:/lib:/usr/lib"/>
    <property name="surefire.test.class.path" value="/home/alex/playground/my_projects/rdfWrapperParent/collectionWrapper/target/test-classes:/home/alex/playground/my_projects/rdfWrapperParent/collectionWrapper/target/classes:/home/alex/.m2/repository/junit/junit/3.8.1/junit-3.8.1.jar:/home/alex/.m2/repository/org/apache/jena/jena-arq/2.9.2/jena-arq-2.9.2.jar:/home/alex/.m2/repository/org/apache/jena/jena-core/2.7.2/jena-core-2.7.2.jar:/home/alex/.m2/repository/org/apache/jena/jena-iri/0.9.2/jena-iri-0.9.2.jar:/home/alex/.m2/repository/org/slf4j/slf4j-api/1.6.4/slf4j-api-1.6.4.jar:/home/alex/.m2/repository/org/slf4j/slf4j-log4j12/1.6.4/slf4j-log4j12-1.6.4.jar:/home/alex/.m2/repository/log4j/log4j/1.2.16/log4j-1.2.16.jar:/home/alex/.m2/repository/xerces/xercesImpl/2.10.0/xercesImpl-2.10.0.jar:/home/alex/.m2/repository/xml-apis/xml-apis/1.4.01/xml-apis-1.4.01.jar:/home/alex/.m2/repository/commons-codec/commons-codec/1.5/commons-codec-1.5.jar:/home/alex/.m2/repository/org/apache/httpcomponents/httpclient/4.1.2/httpclient-4.1.2.jar:/home/alex/.m2/repository/org/apache/httpcomponents/httpcore/4.1.3/httpcore-4.1.3.jar:/home/alex/.m2/repository/ethier/alex/rdfWrapper/1.0.0/rdfWrapper-1.0.0.jar:/home/alex/.m2/repository/org/apache/commons/commons-lang3/3.1/commons-lang3-3.1.jar:/home/alex/.m2/repository/commons-io/commons-io/1.3.2/commons-io-1.3.2.jar:/home/alex/.m2/repository/com/github/ansell/pellet/pellet-jena/2.3.2/pellet-jena-2.3.2.jar:/home/alex/.m2/repository/com/hp/hpl/jena/jena/2.6.4/jena-2.6.4.jar:/home/alex/.m2/repository/com/hp/hpl/jena/iri/0.8/iri-0.8.jar:/home/alex/.m2/repository/com/ibm/icu/icu4j/3.4.4/icu4j-3.4.4.jar:/home/alex/.m2/repository/com/github/ansell/pellet/pellet-core/2.3.3/pellet-core-2.3.3.jar:/home/alex/.m2/repository/com/github/ansell/pellet/pellet-common/2.3.3/pellet-common-2.3.3.jar:/home/alex/.m2/repository/com/github/ansell/aterms/aterm-java/1.8.2/aterm-java-1.8.2.jar:/home/alex/.m2/repository/com/github/ansell/jjtraveler/jjtraveler/0.6/jjtraveler-0.6.jar:/home/alex/.m2/repository/com/github/ansell/aterms/shared-objects/1.4.9-p1/shared-objects-1.4.9-p1.jar:/home/alex/.m2/repository/org/jgrapht/jgrapht-jdk1.5/0.7.3/jgrapht-jdk1.5-0.7.3.jar:/home/alex/.m2/repository/msv/xsdlib/20030225/xsdlib-20030225.jar:/home/alex/.m2/repository/msv/relaxngDatatype/20030225/relaxngDatatype-20030225.jar:/home/alex/.m2/repository/com/github/ansell/pellet/pellet-rules/2.3.3/pellet-rules-2.3.3.jar:/home/alex/.m2/repository/com/github/ansell/pellet/pellet-datatypes/2.3.3/pellet-datatypes-2.3.3.jar:/home/alex/.m2/repository/com/github/ansell/pellet/pellet-el/2.3.3/pellet-el-2.3.3.jar:/home/alex/.m2/repository/com/github/ansell/pellet/pellet-owlapiv3/2.3.3/pellet-owlapiv3-2.3.3.jar:/home/alex/.m2/repository/com/github/ansell/owlapi/owlapi-api/3.4.3.3-ansell/owlapi-api-3.4.3.3-ansell.jar:/home/alex/.m2/repository/com/github/ansell/abstract-service-loader/abstract-service-loader/0.1/abstract-service-loader-0.1.jar:/home/alex/.m2/repository/org/openrdf/sesame/sesame-model/2.7.0-beta2/sesame-model-2.7.0-beta2.jar:/home/alex/.m2/repository/org/openrdf/sesame/sesame-util/2.7.0-beta2/sesame-util-2.7.0-beta2.jar:/home/alex/.m2/repository/org/openrdf/sesame/sesame-rio-api/2.7.0-beta2/sesame-rio-api-2.7.0-beta2.jar:/home/alex/.m2/repository/com/github/ansell/owlapi/owlapi-impl/3.4.3.3-ansell/owlapi-impl-3.4.3.3-ansell.jar:/home/alex/.m2/repository/com/github/ansell/owlapi/owlapi-parsers/3.4.3.3-ansell/owlapi-parsers-3.4.3.3-ansell.jar:/home/alex/.m2/repository/com/github/ansell/owlapi/owlapi-tools/3.4.3.3-ansell/owlapi-tools-3.4.3.3-ansell.jar:/home/alex/.m2/repository/com/github/ansell/pellet/pellet-query/2.3.3/pellet-query-2.3.3.jar:/home/alex/.m2/repository/com/hp/hpl/jena/arq/2.8.7/arq-2.8.7.jar:/home/alex/.m2/repository/org/codehaus/woodstox/wstx-asl/3.2.9/wstx-asl-3.2.9.jar:/home/alex/.m2/repository/stax/stax-api/1.0.1/stax-api-1.0.1.jar:/home/alex/.m2/repository/org/apache/lucene/lucene-core/2.3.1/lucene-core-2.3.1.jar:/home/alex/.m2/repository/org/antlr/antlr-runtime/3.4/antlr-runtime-3.4.jar:/home/alex/.m2/repository/org/antlr/stringtemplate/3.2.1/stringtemplate-3.2.1.jar:/home/alex/.m2/repository/antlr/antlr/2.7.7/antlr-2.7.7.jar:/home/alex/.m2/repository/org/kohsuke/metainf-services/metainf-services/1.4/metainf-services-1.4.jar:"/>
    <property name="java.specification.name" value="Java Platform API Specification"/>
    <property name="java.class.version" value="51.0"/>
    <property name="sun.management.compiler" value="HotSpot 64-Bit Tiered Compilers"/>
    <property name="os.version" value="2.6.32-431.1.2.0.1.el6.x86_64"/>
    <property name="user.home" value="/home/alex"/>
    <property name="user.timezone" value=""/>
    <property name="java.awt.printerjob" value="sun.print.PSPrinterJob"/>
    <property name="file.encoding" value="UTF-8"/>
    <property name="java.specification.version" value="1.7"/>
    <property name="user.name" value="alex"/>
    <property name="java.class.path" value="/home/alex/playground/my_projects/rdfWrapperParent/collectionWrapper/target/test-classes:/home/alex/playground/my_projects/rdfWrapperParent/collectionWrapper/target/classes:/home/alex/.m2/repository/junit/junit/3.8.1/junit-3.8.1.jar:/home/alex/.m2/repository/org/apache/jena/jena-arq/2.9.2/jena-arq-2.9.2.jar:/home/alex/.m2/repository/org/apache/jena/jena-core/2.7.2/jena-core-2.7.2.jar:/home/alex/.m2/repository/org/apache/jena/jena-iri/0.9.2/jena-iri-0.9.2.jar:/home/alex/.m2/repository/org/slf4j/slf4j-api/1.6.4/slf4j-api-1.6.4.jar:/home/alex/.m2/repository/org/slf4j/slf4j-log4j12/1.6.4/slf4j-log4j12-1.6.4.jar:/home/alex/.m2/repository/log4j/log4j/1.2.16/log4j-1.2.16.jar:/home/alex/.m2/repository/xerces/xercesImpl/2.10.0/xercesImpl-2.10.0.jar:/home/alex/.m2/repository/xml-apis/xml-apis/1.4.01/xml-apis-1.4.01.jar:/home/alex/.m2/repository/commons-codec/commons-codec/1.5/commons-codec-1.5.jar:/home/alex/.m2/repository/org/apache/httpcomponents/httpclient/4.1.2/httpclient-4.1.2.jar:/home/alex/.m2/repository/org/apache/httpcomponents/httpcore/4.1.3/httpcore-4.1.3.jar:/home/alex/.m2/repository/ethier/alex/rdfWrapper/1.0.0/rdfWrapper-1.0.0.jar:/home/alex/.m2/repository/org/apache/commons/commons-lang3/3.1/commons-lang3-3.1.jar:/home/alex/.m2/repository/commons-io/commons-io/1.3.2/commons-io-1.3.2.jar:/home/alex/.m2/repository/com/github/ansell/pellet/pellet-jena/2.3.2/pellet-jena-2.3.2.jar:/home/alex/.m2/repository/com/hp/hpl/jena/jena/2.6.4/jena-2.6.4.jar:/home/alex/.m2/repository/com/hp/hpl/jena/iri/0.8/iri-0.8.jar:/home/alex/.m2/repository/com/ibm/icu/icu4j/3.4.4/icu4j-3.4.4.jar:/home/alex/.m2/repository/com/github/ansell/pellet/pellet-core/2.3.3/pellet-core-2.3.3.jar:/home/alex/.m2/repository/com/github/ansell/pellet/pellet-common/2.3.3/pellet-common-2.3.3.jar:/home/alex/.m2/repository/com/github/ansell/aterms/aterm-java/1.8.2/aterm-java-1.8.2.jar:/home/alex/.m2/repository/com/github/ansell/jjtraveler/jjtraveler/0.6/jjtraveler-0.6.jar:/home/alex/.m2/repository/com/github/ansell/aterms/shared-objects/1.4.9-p1/shared-objects-1.4.9-p1.jar:/home/alex/.m2/repository/org/jgrapht/jgrapht-jdk1.5/0.7.3/jgrapht-jdk1.5-0.7.3.jar:/home/alex/.m2/repository/msv/xsdlib/20030225/xsdlib-20030225.jar:/home/alex/.m2/repository/msv/relaxngDatatype/20030225/relaxngDatatype-20030225.jar:/home/alex/.m2/repository/com/github/ansell/pellet/pellet-rules/2.3.3/pellet-rules-2.3.3.jar:/home/alex/.m2/repository/com/github/ansell/pellet/pellet-datatypes/2.3.3/pellet-datatypes-2.3.3.jar:/home/alex/.m2/repository/com/github/ansell/pellet/pellet-el/2.3.3/pellet-el-2.3.3.jar:/home/alex/.m2/repository/com/github/ansell/pellet/pellet-owlapiv3/2.3.3/pellet-owlapiv3-2.3.3.jar:/home/alex/.m2/repository/com/github/ansell/owlapi/owlapi-api/3.4.3.3-ansell/owlapi-api-3.4.3.3-ansell.jar:/home/alex/.m2/repository/com/github/ansell/abstract-service-loader/abstract-service-loader/0.1/abstract-service-loader-0.1.jar:/home/alex/.m2/repository/org/openrdf/sesame/sesame-model/2.7.0-beta2/sesame-model-2.7.0-beta2.jar:/home/alex/.m2/repository/org/openrdf/sesame/sesame-util/2.7.0-beta2/sesame-util-2.7.0-beta2.jar:/home/alex/.m2/repository/org/openrdf/sesame/sesame-rio-api/2.7.0-beta2/sesame-rio-api-2.7.0-beta2.jar:/home/alex/.m2/repository/com/github/ansell/owlapi/owlapi-impl/3.4.3.3-ansell/owlapi-impl-3.4.3.3-ansell.jar:/home/alex/.m2/repository/com/github/ansell/owlapi/owlapi-parsers/3.4.3.3-ansell/owlapi-parsers-3.4.3.3-ansell.jar:/home/alex/.m2/repository/com/github/ansell/owlapi/owlapi-tools/3.4.3.3-ansell/owlapi-tools-3.4.3.3-ansell.jar:/home/alex/.m2/repository/com/github/ansell/pellet/pellet-query/2.3.3/pellet-query-2.3.3.jar:/home/alex/.m2/repository/com/hp/hpl/jena/arq/2.8.7/arq-2.8.7.jar:/home/alex/.m2/repository/org/codehaus/woodstox/wstx-asl/3.2.9/wstx-asl-3.2.9.jar:/home/alex/.m2/repository/stax/stax-api/1.0.1/stax-api-1.0.1.jar:/home/alex/.m2/repository/org/apache/lucene/lucene-core/2.3.1/lucene-core-2.3.1.jar:/home/alex/.m2/repository/org/antlr/antlr-runtime/3.4/antlr-runtime-3.4.jar:/home/alex/.m2/repository/org/antlr/stringtemplate/3.2.1/stringtemplate-3.2.1.jar:/home/alex/.m2/repository/antlr/antlr/2.7.7/antlr-2.7.7.jar:/home/alex/.m2/repository/org/kohsuke/metainf-services/metainf-services/1.4/metainf-services-1.4.jar:"/>
    <property name="java.vm.specification.version" value="1.7"/>
    <property name="sun.arch.data.model" value="64"/>
    <property name="java.home" value="/usr/java/jdk1.7.0_45/jre"/>
    <property name="sun.java.command" value="/tmp/surefirebooter804766468219009014.jar /tmp/surefire5264136137766101236tmp /tmp/surefire2713644679770826115tmp"/>
    <property name="java.specification.vendor" value="Oracle Corporation"/>
    <property name="user.language" value="en"/>
    <property name="awt.toolkit" value="sun.awt.X11.XToolkit"/>
    <property name="java.vm.info" value="mixed mode"/>
    <property name="java.version" value="1.7.0_45"/>
    <property name="java.ext.dirs" value="/usr/java/jdk1.7.0_45/jre/lib/ext:/usr/java/packages/lib/ext"/>
    <property name="sun.boot.class.path" value="/usr/java/jdk1.7.0_45/jre/lib/resources.jar:/usr/java/jdk1.7.0_45/jre/lib/rt.jar:/usr/java/jdk1.7.0_45/jre/lib/sunrsasign.jar:/usr/java/jdk1.7.0_45/jre/lib/jsse.jar:/usr/java/jdk1.7.0_45/jre/lib/jce.jar:/usr/java/jdk1.7.0_45/jre/lib/charsets.jar:/usr/java/jdk1.7.0_45/jre/lib/jfr.jar:/usr/java/jdk1.7.0_45/jre/classes"/>
    <property name="java.vendor" value="Oracle Corporation"/>
    <property name="localRepository" value="/home/alex/.m2/repository"/>
    <property name="file.separator" value="/"/>
    <property name="java.vendor.url.bug" value="http://bugreport.sun.com/bugreport/"/>
    <property name="sun.cpu.endian" value="little"/>
    <property name="sun.io.unicode.encoding" value="UnicodeLittle"/>
    <property name="sun.cpu.isalist" value=""/>
  </properties>
  <testcase time="0.004" classname="ethier.alex.AppTest" name="testApp"/>
</testsuite>